<?xml version="1.0" encoding="UTF-8"?>
<testng-results ignored="0" total="1" passed="0" failed="1" skipped="0">
  <reporter-output>
  </reporter-output>
  <suite started-at="2025-01-30T12:40:29 IST" name="Default suite" finished-at="2025-01-30T12:40:34 IST" duration-ms="4871">
    <groups>
    </groups>
    <test started-at="2025-01-30T12:40:29 IST" name="Default test" finished-at="2025-01-30T12:40:34 IST" duration-ms="4871">
      <class name="jenkinspkg.test1">
        <test-method is-config="true" signature="before()[pri:0, instance:jenkinspkg.test1@f78a47e]" started-at="2025-01-30T12:40:29 IST" name="before" finished-at="2025-01-30T12:40:33 IST" duration-ms="3793" status="PASS">
          <reporter-output>
          </reporter-output>
        </test-method> <!-- before -->
        <test-method signature="te1()[pri:0, instance:jenkinspkg.test1@f78a47e]" started-at="2025-01-30T12:40:33 IST" name="te1" finished-at="2025-01-30T12:40:34 IST" duration-ms="1021" status="FAIL">
          <exception class="org.testng.internal.thread.ThreadTimeoutException">
            <message>
              <![CDATA[Method jenkinspkg.test1.te1() didn't finish within the time-out 1000]]>
            </message>
            <full-stacktrace>
              <![CDATA[org.testng.internal.thread.ThreadTimeoutException: Method jenkinspkg.test1.te1() didn't finish within the time-out 1000
at java.base@17.0.8/jdk.internal.misc.Unsafe.park(Native Method)
at java.base@17.0.8/java.util.concurrent.locks.LockSupport.park(LockSupport.java:211)
at java.base@17.0.8/java.util.concurrent.CompletableFuture$Signaller.block(CompletableFuture.java:1864)
at java.base@17.0.8/java.util.concurrent.ForkJoinPool.unmanagedBlock(ForkJoinPool.java:3465)
at java.base@17.0.8/java.util.concurrent.ForkJoinPool.managedBlock(ForkJoinPool.java:3436)
at java.base@17.0.8/java.util.concurrent.CompletableFuture.waitingGet(CompletableFuture.java:1898)
at java.base@17.0.8/java.util.concurrent.CompletableFuture.get(CompletableFuture.java:2072)
at app//org.openqa.selenium.remote.http.jdk.JdkHttpClient.execute(JdkHttpClient.java:412)
at app//org.openqa.selenium.remote.HttpCommandExecutor.execute(HttpCommandExecutor.java:187)
at app//org.openqa.selenium.remote.service.DriverCommandExecutor.invokeExecute(DriverCommandExecutor.java:216)
at app//org.openqa.selenium.remote.service.DriverCommandExecutor.execute(DriverCommandExecutor.java:174)
at app//org.openqa.selenium.remote.RemoteWebDriver.execute(RemoteWebDriver.java:545)
at app//org.openqa.selenium.remote.RemoteWebDriver.get(RemoteWebDriver.java:313)
at app//jenkinspkg.test1.te1(test1.java:39)
at java.base@17.0.8/jdk.internal.reflect.NativeMethodAccessorImpl.invoke0(Native Method)
at java.base@17.0.8/jdk.internal.reflect.NativeMethodAccessorImpl.invoke(NativeMethodAccessorImpl.java:77)
at java.base@17.0.8/jdk.internal.reflect.DelegatingMethodAccessorImpl.invoke(DelegatingMethodAccessorImpl.java:43)
at java.base@17.0.8/java.lang.reflect.Method.invoke(Method.java:568)
at app//org.testng.internal.invokers.MethodInvocationHelper.invokeMethod(MethodInvocationHelper.java:141)
at app//org.testng.internal.invokers.InvokeMethodRunnable.runOne(InvokeMethodRunnable.java:47)
at app//org.testng.internal.invokers.InvokeMethodRunnable.call(InvokeMethodRunnable.java:76)
at app//org.testng.internal.invokers.InvokeMethodRunnable.call(InvokeMethodRunnable.java:11)
at java.base@17.0.8/java.util.concurrent.FutureTask.run(FutureTask.java:264)
at java.base@17.0.8/java.util.concurrent.ThreadPoolExecutor.runWorker(ThreadPoolExecutor.java:1136)
at java.base@17.0.8/java.util.concurrent.ThreadPoolExecutor$Worker.run(ThreadPoolExecutor.java:635)
at java.base@17.0.8/java.lang.Thread.run(Thread.java:833)
]]>
            </full-stacktrace>
          </exception> <!-- org.testng.internal.thread.ThreadTimeoutException -->
          <reporter-output>
          </reporter-output>
        </test-method> <!-- te1 -->
      </class> <!-- jenkinspkg.test1 -->
    </test> <!-- Default test -->
  </suite> <!-- Default suite -->
</testng-results>
