<?xml version="1.0" encoding="UTF-8"?>
<testng-results ignored="0" total="2" passed="2" failed="0" skipped="0">
  <reporter-output>
  </reporter-output>
  <suite started-at="2025-01-29T21:18:57 IST" name="Suite" finished-at="2025-01-29T21:19:07 IST" duration-ms="9667">
    <groups>
    </groups>
    <test started-at="2025-01-29T21:18:57 IST" name="Test" finished-at="2025-01-29T21:19:07 IST" duration-ms="9667">
      <class name="jenkinspkg.test1">
        <test-method signature="te1()[pri:0, instance:jenkinspkg.test1@5e600dd5]" started-at="2025-01-29T21:19:01 IST" name="te1" finished-at="2025-01-29T21:19:07 IST" duration-ms="5959" status="PASS">
          <reporter-output>
          </reporter-output>
        </test-method> <!-- te1 -->
      </class> <!-- jenkinspkg.test1 -->
      <class name="jenkinspkg.test2">
        <test-method signature="te2()[pri:0, instance:jenkinspkg.test2@273e7444]" started-at="2025-01-29T21:18:57 IST" name="te2" finished-at="2025-01-29T21:19:01 IST" duration-ms="3664" status="PASS">
          <reporter-output>
          </reporter-output>
        </test-method> <!-- te2 -->
      </class> <!-- jenkinspkg.test2 -->
    </test> <!-- Test -->
  </suite> <!-- Suite -->
</testng-results>
